[2024-09-18 13:15:35,307] 25 root - INFO - data ingestion started
[2024-09-18 13:15:35,364] 28 root - INFO -  reading a df
[2024-09-18 13:15:35,702] 32 root - INFO -  i have saved the raw dataset in artifact folder
[2024-09-18 13:15:35,702] 34 root - INFO - here i have performed train test split
[2024-09-18 13:15:35,712] 37 root - INFO - train test split completed
[2024-09-18 13:15:36,051] 42 root - INFO - data ingestion part completed
[2024-09-18 13:15:36,107] 87 root - INFO - read train and test data complete
[2024-09-18 13:15:36,109] 88 root - INFO - Train Dataframe Head : 
       id  carat        cut color clarity  depth  table     x     y     z  price
0   58440   0.52      Ideal     F     SI1   61.8   56.0  5.14  5.19  3.19   1323
1  111296   0.53      Ideal     E     VS2   61.3   56.0  5.20  5.23  3.20   1843
2  184140   0.40      Ideal     E    VVS1   60.6   56.0  4.79  4.76  2.89   1179
3  168729   0.50  Very Good     E     VS1   62.4   58.0  5.05  5.08  3.17   1838
4  183512   1.02  Very Good     D     SI2   59.7   60.0  6.51  6.54  3.91   4327
[2024-09-18 13:15:36,110] 89 root - INFO - Test Dataframe Head : 
       id  carat        cut color clarity  depth  table     x     y     z  price
0    6314   0.71  Very Good     H     VS2   60.0   57.0  5.81  5.85  3.49   2862
1   67942   0.90       Good     G     SI1   63.8   57.0  6.14  6.09  3.91   3372
2   33059   1.23      Ideal     G     SI2   61.9   55.0  6.85  6.90  4.26   5787
3  145686   0.33      Ideal     G     VS2   61.0   55.0  4.48  4.51  2.74    579
4  186043   1.01      Ideal     G     VS1   61.3   57.0  6.45  6.48  3.96   6618
[2024-09-18 13:15:36,110] 32 root - INFO - Data Transformation initiated
[2024-09-18 13:15:36,110] 43 root - INFO - Pipeline Initiated
[2024-09-18 13:15:36,232] 107 root - INFO - Applying preprocessing object on training and testing datasets.
[2024-09-18 13:15:36,235] 117 root - INFO - preprocessing pickle file saved
[2024-09-18 13:15:36,237] 26 root - INFO - Splitting Dependent and Independent variables from train and test data
[2024-09-18 13:15:36,469] 44 root - INFO - Model Report : {'LinearRegression': 0.9366733139694554, 'Lasso': 0.9367877279892463, 'Ridge': 0.9366707077140366, 'Elasticnet': 0.8535604497268765}
[2024-09-18 13:15:36,469] 57 root - INFO - Best Model Found , Model Name : Lasso , R2 Score : 0.9367877279892463
[2024-09-18 13:15:36,469] 15 root - INFO - evaluation started
[2024-09-18 13:15:36,469] 33 root - INFO - model has register
[2024-09-18 13:15:36,862] 21 root - INFO - evaluation metrics captured
