[2024-09-18 13:39:32,201] 25 root - INFO - data ingestion started
[2024-09-18 13:39:32,263] 28 root - INFO -  reading a df
[2024-09-18 13:39:32,613] 32 root - INFO -  i have saved the raw dataset in artifact folder
[2024-09-18 13:39:32,613] 34 root - INFO - here i have performed train test split
[2024-09-18 13:39:32,624] 37 root - INFO - train test split completed
[2024-09-18 13:39:32,973] 42 root - INFO - data ingestion part completed
[2024-09-18 13:39:33,034] 87 root - INFO - read train and test data complete
[2024-09-18 13:39:33,037] 88 root - INFO - Train Dataframe Head : 
       id  carat        cut color clarity  depth  table     x     y     z  price
0   44854   0.51    Premium     E     VS1   60.3   59.0  5.17  5.14  3.10   1745
1   82809   0.41      Ideal     D     SI1   61.9   57.0  4.73  4.76  2.94    791
2   12736   1.03      Ideal     D     SI1   61.5   57.0  6.52  6.49  4.00   5543
3  125175   0.70      Ideal     G     SI2   62.8   57.0  5.69  5.66  3.56   2177
4   68317   0.31  Very Good     H    VVS2   62.5   59.0  4.33  4.36  2.71    587
[2024-09-18 13:39:33,038] 89 root - INFO - Test Dataframe Head : 
       id  carat        cut color clarity  depth  table     x     y     z  price
0  116991   0.31      Ideal     I     VS2   62.8   54.0  4.36  4.38  2.74    435
1  134430   0.54    Premium     E     SI2   61.6   56.0  5.22  5.19  3.21   1177
2   44476   0.90  Very Good     I     VS2   62.7   58.0  6.09  6.15  3.83   3146
3   31702   0.32      Ideal     I      IF   61.6   57.0  4.41  4.44  2.72    664
4   49743   1.17  Very Good     E     SI1   60.8   59.0  6.81  6.84  4.15   6213
[2024-09-18 13:39:33,038] 32 root - INFO - Data Transformation initiated
[2024-09-18 13:39:33,038] 43 root - INFO - Pipeline Initiated
[2024-09-18 13:39:33,166] 107 root - INFO - Applying preprocessing object on training and testing datasets.
[2024-09-18 13:39:33,169] 117 root - INFO - preprocessing pickle file saved
[2024-09-18 13:39:33,171] 26 root - INFO - Splitting Dependent and Independent variables from train and test data
[2024-09-18 13:39:33,353] 44 root - INFO - Model Report : {'LinearRegression': 0.9364282407712343, 'Lasso': 0.9364573564269048, 'Ridge': 0.9364282099636878, 'Elasticnet': 0.8558194787723701}
[2024-09-18 13:39:33,353] 57 root - INFO - Best Model Found , Model Name : Lasso , R2 Score : 0.9364573564269048
[2024-09-18 13:39:33,354] 15 root - INFO - evaluation started
[2024-09-18 13:39:33,354] 33 root - INFO - model has register
[2024-09-18 13:39:33,628] 21 root - INFO - evaluation metrics captured
